This file contains any messages produced by compilers while
running configure, to aid debugging if configure makes a mistake.

It was created by CUnit configure 2.1-3, which was
generated by GNU Autoconf 2.69.  Invocation command line was

  $ ./configure --srcdir=/home/pi/CUnit-2.1-3 --prefix=/usr/local --enable-debug --enable-automated --enable-basic --enable-console --enable-examples --enable-test

## --------- ##
## Platform. ##
## --------- ##

hostname = jessie
uname -m = armv7l
uname -r = 4.1.19-v7+
uname -s = Linux
uname -v = #858 SMP Tue Mar 15 15:56:00 GMT 2016

/usr/bin/uname -p = unknown
/bin/uname -X     = unknown

/bin/arch              = unknown
/usr/bin/arch -k       = unknown
/usr/convex/getsysinfo = unknown
/usr/bin/hostinfo      = unknown
/bin/machine           = unknown
/usr/bin/oslevel       = unknown
/bin/universe          = unknown

PATH: /usr/local/sbin
PATH: /usr/local/bin
PATH: /usr/sbin
PATH: /usr/bin
PATH: /sbin
PATH: /bin


## ----------- ##
## Core tests. ##
## ----------- ##

configure:2290: checking for a BSD-compatible install
configure:2358: result: /usr/bin/install -c
configure:2369: checking whether build environment is sane
configure:2424: result: yes
configure:2575: checking for a thread-safe mkdir -p
configure:2614: result: /bin/mkdir -p
configure:2621: checking for gawk
configure:2651: result: no
configure:2621: checking for mawk
configure:2637: found /usr/bin/mawk
configure:2648: result: mawk
configure:2659: checking whether make sets $(MAKE)
configure:2681: result: yes
configure:2710: checking whether make supports nested variables
configure:2727: result: yes
configure:3107: checking for gcc
configure:3123: found /usr/bin/gcc
configure:3134: result: gcc
configure:3363: checking for C compiler version
configure:3372: gcc --version >&5
gcc (Raspbian 4.9.2-10) 4.9.2
Copyright (C) 2014 Free Software Foundation, Inc.
This is free software; see the source for copying conditions.  There is NO
warranty; not even for MERCHANTABILITY or FITNESS FOR A PARTICULAR PURPOSE.

configure:3383: $? = 0
configure:3372: gcc -v >&5
Using built-in specs.
COLLECT_GCC=gcc
COLLECT_LTO_WRAPPER=/usr/lib/gcc/arm-linux-gnueabihf/4.9/lto-wrapper
Target: arm-linux-gnueabihf
Configured with: ../src/configure -v --with-pkgversion='Raspbian 4.9.2-10' --with-bugurl=file:///usr/share/doc/gcc-4.9/README.Bugs --enable-languages=c,c++,java,go,d,fortran,objc,obj-c++ --prefix=/usr --program-suffix=-4.9 --enable-shared --enable-linker-build-id --libexecdir=/usr/lib --without-included-gettext --enable-threads=posix --with-gxx-include-dir=/usr/include/c++/4.9 --libdir=/usr/lib --enable-nls --with-sysroot=/ --enable-clocale=gnu --enable-libstdcxx-debug --enable-libstdcxx-time=yes --enable-gnu-unique-object --disable-libitm --disable-libquadmath --enable-plugin --with-system-zlib --disable-browser-plugin --enable-java-awt=gtk --enable-gtk-cairo --with-java-home=/usr/lib/jvm/java-1.5.0-gcj-4.9-armhf/jre --enable-java-home --with-jvm-root-dir=/usr/lib/jvm/java-1.5.0-gcj-4.9-armhf --with-jvm-jar-dir=/usr/lib/jvm-exports/java-1.5.0-gcj-4.9-armhf --with-arch-directory=arm --with-ecj-jar=/usr/share/java/eclipse-ecj.jar --enable-objc-gc --enable-multiarch --disable-sjlj-exceptions --with-arch=armv6 --with-fpu=vfp --with-float=hard --enable-checking=release --build=arm-linux-gnueabihf --host=arm-linux-gnueabihf --target=arm-linux-gnueabihf
Thread model: posix
gcc version 4.9.2 (Raspbian 4.9.2-10) 
configure:3383: $? = 0
configure:3372: gcc -V >&5
gcc: error: unrecognized command line option '-V'
gcc: fatal error: no input files
compilation terminated.
configure:3383: $? = 4
configure:3372: gcc -qversion >&5
gcc: error: unrecognized command line option '-qversion'
gcc: fatal error: no input files
compilation terminated.
configure:3383: $? = 4
configure:3403: checking whether the C compiler works
configure:3425: gcc  -DRELEASE=@RELEASE@ -Wall -W -pedantic -Wshadow -ansi -I/home/pi/CUnit-2.1-3/CUnit/Headers -std=c99 -D_DEBUG -g3 -Wall   -L/home/pi/CUnit-2.1-3/CUnit/Sources -g conftest.c  >&5
configure:3429: $? = 0
configure:3477: result: yes
configure:3480: checking for C compiler default output file name
configure:3482: result: a.out
configure:3488: checking for suffix of executables
configure:3495: gcc -o conftest  -DRELEASE=@RELEASE@ -Wall -W -pedantic -Wshadow -ansi -I/home/pi/CUnit-2.1-3/CUnit/Headers -std=c99 -D_DEBUG -g3 -Wall   -L/home/pi/CUnit-2.1-3/CUnit/Sources -g conftest.c  >&5
configure:3499: $? = 0
configure:3521: result: 
configure:3543: checking whether we are cross compiling
configure:3551: gcc -o conftest  -DRELEASE=@RELEASE@ -Wall -W -pedantic -Wshadow -ansi -I/home/pi/CUnit-2.1-3/CUnit/Headers -std=c99 -D_DEBUG -g3 -Wall   -L/home/pi/CUnit-2.1-3/CUnit/Sources -g conftest.c  >&5
configure:3555: $? = 0
configure:3562: ./conftest
configure:3566: $? = 0
configure:3581: result: no
configure:3586: checking for suffix of object files
configure:3608: gcc -c  -DRELEASE=@RELEASE@ -Wall -W -pedantic -Wshadow -ansi -I/home/pi/CUnit-2.1-3/CUnit/Headers -std=c99 -D_DEBUG -g3 -Wall  conftest.c >&5
configure:3612: $? = 0
configure:3633: result: o
configure:3637: checking whether we are using the GNU C compiler
configure:3656: gcc -c  -DRELEASE=@RELEASE@ -Wall -W -pedantic -Wshadow -ansi -I/home/pi/CUnit-2.1-3/CUnit/Headers -std=c99 -D_DEBUG -g3 -Wall  conftest.c >&5
configure:3656: $? = 0
configure:3665: result: yes
configure:3674: checking whether gcc accepts -g
configure:3694: gcc -c -g  conftest.c >&5
configure:3694: $? = 0
configure:3735: result: yes
configure:3752: checking for gcc option to accept ISO C89
configure:3815: gcc  -c  -DRELEASE=@RELEASE@ -Wall -W -pedantic -Wshadow -ansi -I/home/pi/CUnit-2.1-3/CUnit/Headers -std=c99 -D_DEBUG -g3 -Wall  conftest.c >&5
configure:3815: $? = 0
configure:3828: result: none needed
configure:3853: checking whether gcc understands -c and -o together
configure:3875: gcc -c conftest.c -o conftest2.o
configure:3878: $? = 0
configure:3875: gcc -c conftest.c -o conftest2.o
configure:3878: $? = 0
configure:3890: result: yes
configure:3918: checking for style of include used by make
configure:3946: result: GNU
configure:3972: checking dependency style of gcc
configure:4083: result: gcc3
configure:4099: checking whether make sets $(MAKE)
configure:4121: result: yes
configure:4159: checking build system type
configure:4173: result: armv7l-unknown-linux-gnueabihf
configure:4193: checking host system type
configure:4206: result: armv7l-unknown-linux-gnueabihf
configure:4247: checking how to print strings
configure:4274: result: printf
configure:4295: checking for a sed that does not truncate output
configure:4359: result: /bin/sed
configure:4377: checking for grep that handles long lines and -e
configure:4435: result: /bin/grep
configure:4440: checking for egrep
configure:4502: result: /bin/grep -E
configure:4507: checking for fgrep
configure:4569: result: /bin/grep -F
configure:4604: checking for ld used by gcc
configure:4671: result: /usr/bin/ld
configure:4678: checking if the linker (/usr/bin/ld) is GNU ld
configure:4693: result: yes
configure:4705: checking for BSD- or MS-compatible name lister (nm)
configure:4754: result: /usr/bin/nm -B
configure:4884: checking the name lister (/usr/bin/nm -B) interface
configure:4891: gcc -c  -DRELEASE=@RELEASE@ -Wall -W -pedantic -Wshadow -ansi -I/home/pi/CUnit-2.1-3/CUnit/Headers -std=c99 -D_DEBUG -g3 -Wall  conftest.c >&5
configure:4894: /usr/bin/nm -B "conftest.o"
configure:4897: output
00000000 B some_variable
00000000 n wm4.0.ee6f4d010ae8f6d3f682644efd23a490
00000000 n wm4.stdcpredef.h.19.22e8ded16952f5e606376dc7a0da8b23
configure:4904: result: BSD nm
configure:4907: checking whether ln -s works
configure:4911: result: yes
configure:4919: checking the maximum length of command line arguments
configure:5050: result: 1572864
configure:5067: checking whether the shell understands some XSI constructs
configure:5077: result: yes
configure:5081: checking whether the shell understands "+="
configure:5087: result: yes
configure:5122: checking how to convert armv7l-unknown-linux-gnueabihf file names to armv7l-unknown-linux-gnueabihf format
configure:5162: result: func_convert_file_noop
configure:5169: checking how to convert armv7l-unknown-linux-gnueabihf file names to toolchain format
configure:5189: result: func_convert_file_noop
configure:5196: checking for /usr/bin/ld option to reload object files
configure:5203: result: -r
configure:5277: checking for objdump
configure:5293: found /usr/bin/objdump
configure:5304: result: objdump
configure:5336: checking how to recognize dependent libraries
configure:5534: result: pass_all
configure:5619: checking for dlltool
configure:5649: result: no
configure:5679: checking how to associate runtime and link libraries
configure:5706: result: printf %s\n
configure:5767: checking for ar
configure:5783: found /usr/bin/ar
configure:5794: result: ar
configure:5831: checking for archiver @FILE support
configure:5848: gcc -c  -DRELEASE=@RELEASE@ -Wall -W -pedantic -Wshadow -ansi -I/home/pi/CUnit-2.1-3/CUnit/Headers -std=c99 -D_DEBUG -g3 -Wall  conftest.c >&5
configure:5848: $? = 0
configure:5851: ar cru libconftest.a @conftest.lst >&5
configure:5854: $? = 0
configure:5859: ar cru libconftest.a @conftest.lst >&5
ar: conftest.o: No such file or directory
configure:5862: $? = 1
configure:5874: result: @
configure:5932: checking for strip
configure:5948: found /usr/bin/strip
configure:5959: result: strip
configure:6031: checking for ranlib
configure:6047: found /usr/bin/ranlib
configure:6058: result: ranlib
configure:6160: checking command to parse /usr/bin/nm -B output from gcc object
configure:6280: gcc -c  -DRELEASE=@RELEASE@ -Wall -W -pedantic -Wshadow -ansi -I/home/pi/CUnit-2.1-3/CUnit/Headers -std=c99 -D_DEBUG -g3 -Wall  conftest.c >&5
configure:6283: $? = 0
configure:6287: /usr/bin/nm -B conftest.o \| sed -n -e 's/^.*[ ]\([ABCDGIRSTW][ABCDGIRSTW]*\)[ ][ ]*\([_A-Za-z][_A-Za-z0-9]*\)$/\1 \2 \2/p' | sed '/ __gnu_lto/d' \> conftest.nm
configure:6290: $? = 0
configure:6356: gcc -o conftest  -DRELEASE=@RELEASE@ -Wall -W -pedantic -Wshadow -ansi -I/home/pi/CUnit-2.1-3/CUnit/Headers -std=c99 -D_DEBUG -g3 -Wall   -L/home/pi/CUnit-2.1-3/CUnit/Sources -g conftest.c conftstm.o >&5
conftest.c:29:20: warning: ISO C forbids conversion of function pointer to object pointer type [-Wpedantic]
   {"nm_test_func", (void *) &nm_test_func},
                    ^
configure:6359: $? = 0
configure:6397: result: ok
configure:6434: checking for sysroot
configure:6464: result: no
configure:6733: checking for mt
configure:6749: found /bin/mt
configure:6760: result: mt
configure:6783: checking if mt is a manifest tool
configure:6789: mt '-?'
configure:6797: result: no
configure:7439: checking how to run the C preprocessor
configure:7470: gcc -E  conftest.c
configure:7470: $? = 0
configure:7484: gcc -E  conftest.c
conftest.c:11:28: fatal error: ac_nonexistent.h: No such file or directory
 #include <ac_nonexistent.h>
                            ^
compilation terminated.
configure:7484: $? = 1
configure: failed program was:
| /* confdefs.h */
| #define PACKAGE_NAME "CUnit"
| #define PACKAGE_TARNAME "cunit"
| #define PACKAGE_VERSION "2.1-3"
| #define PACKAGE_STRING "CUnit 2.1-3"
| #define PACKAGE_BUGREPORT ""
| #define PACKAGE_URL ""
| #define PACKAGE "CUnit"
| #define VERSION "2.1-3"
| /* end confdefs.h.  */
| #include <ac_nonexistent.h>
configure:7509: result: gcc -E
configure:7529: gcc -E  conftest.c
configure:7529: $? = 0
configure:7543: gcc -E  conftest.c
conftest.c:11:28: fatal error: ac_nonexistent.h: No such file or directory
 #include <ac_nonexistent.h>
                            ^
compilation terminated.
configure:7543: $? = 1
configure: failed program was:
| /* confdefs.h */
| #define PACKAGE_NAME "CUnit"
| #define PACKAGE_TARNAME "cunit"
| #define PACKAGE_VERSION "2.1-3"
| #define PACKAGE_STRING "CUnit 2.1-3"
| #define PACKAGE_BUGREPORT ""
| #define PACKAGE_URL ""
| #define PACKAGE "CUnit"
| #define VERSION "2.1-3"
| /* end confdefs.h.  */
| #include <ac_nonexistent.h>
configure:7572: checking for ANSI C header files
configure:7592: gcc -c  -DRELEASE=@RELEASE@ -Wall -W -pedantic -Wshadow -ansi -I/home/pi/CUnit-2.1-3/CUnit/Headers -std=c99 -D_DEBUG -g3 -Wall  conftest.c >&5
configure:7592: $? = 0
configure:7665: gcc -o conftest  -DRELEASE=@RELEASE@ -Wall -W -pedantic -Wshadow -ansi -I/home/pi/CUnit-2.1-3/CUnit/Headers -std=c99 -D_DEBUG -g3 -Wall   -L/home/pi/CUnit-2.1-3/CUnit/Sources -g conftest.c  >&5
configure:7665: $? = 0
configure:7665: ./conftest
configure:7665: $? = 0
configure:7676: result: yes
configure:7689: checking for sys/types.h
configure:7689: gcc -c  -DRELEASE=@RELEASE@ -Wall -W -pedantic -Wshadow -ansi -I/home/pi/CUnit-2.1-3/CUnit/Headers -std=c99 -D_DEBUG -g3 -Wall  conftest.c >&5
configure:7689: $? = 0
configure:7689: result: yes
configure:7689: checking for sys/stat.h
configure:7689: gcc -c  -DRELEASE=@RELEASE@ -Wall -W -pedantic -Wshadow -ansi -I/home/pi/CUnit-2.1-3/CUnit/Headers -std=c99 -D_DEBUG -g3 -Wall  conftest.c >&5
configure:7689: $? = 0
configure:7689: result: yes
configure:7689: checking for stdlib.h
configure:7689: gcc -c  -DRELEASE=@RELEASE@ -Wall -W -pedantic -Wshadow -ansi -I/home/pi/CUnit-2.1-3/CUnit/Headers -std=c99 -D_DEBUG -g3 -Wall  conftest.c >&5
configure:7689: $? = 0
configure:7689: result: yes
configure:7689: checking for string.h
configure:7689: gcc -c  -DRELEASE=@RELEASE@ -Wall -W -pedantic -Wshadow -ansi -I/home/pi/CUnit-2.1-3/CUnit/Headers -std=c99 -D_DEBUG -g3 -Wall  conftest.c >&5
configure:7689: $? = 0
configure:7689: result: yes
configure:7689: checking for memory.h
configure:7689: gcc -c  -DRELEASE=@RELEASE@ -Wall -W -pedantic -Wshadow -ansi -I/home/pi/CUnit-2.1-3/CUnit/Headers -std=c99 -D_DEBUG -g3 -Wall  conftest.c >&5
configure:7689: $? = 0
configure:7689: result: yes
configure:7689: checking for strings.h
configure:7689: gcc -c  -DRELEASE=@RELEASE@ -Wall -W -pedantic -Wshadow -ansi -I/home/pi/CUnit-2.1-3/CUnit/Headers -std=c99 -D_DEBUG -g3 -Wall  conftest.c >&5
configure:7689: $? = 0
configure:7689: result: yes
configure:7689: checking for inttypes.h
configure:7689: gcc -c  -DRELEASE=@RELEASE@ -Wall -W -pedantic -Wshadow -ansi -I/home/pi/CUnit-2.1-3/CUnit/Headers -std=c99 -D_DEBUG -g3 -Wall  conftest.c >&5
configure:7689: $? = 0
configure:7689: result: yes
configure:7689: checking for stdint.h
configure:7689: gcc -c  -DRELEASE=@RELEASE@ -Wall -W -pedantic -Wshadow -ansi -I/home/pi/CUnit-2.1-3/CUnit/Headers -std=c99 -D_DEBUG -g3 -Wall  conftest.c >&5
configure:7689: $? = 0
configure:7689: result: yes
configure:7689: checking for unistd.h
configure:7689: gcc -c  -DRELEASE=@RELEASE@ -Wall -W -pedantic -Wshadow -ansi -I/home/pi/CUnit-2.1-3/CUnit/Headers -std=c99 -D_DEBUG -g3 -Wall  conftest.c >&5
configure:7689: $? = 0
configure:7689: result: yes
configure:7703: checking for dlfcn.h
configure:7703: gcc -c  -DRELEASE=@RELEASE@ -Wall -W -pedantic -Wshadow -ansi -I/home/pi/CUnit-2.1-3/CUnit/Headers -std=c99 -D_DEBUG -g3 -Wall  conftest.c >&5
configure:7703: $? = 0
configure:7703: result: yes
configure:7909: checking for objdir
configure:7924: result: .libs
configure:8191: checking if gcc supports -fno-rtti -fno-exceptions
configure:8209: gcc -c  -DRELEASE=@RELEASE@ -Wall -W -pedantic -Wshadow -ansi -I/home/pi/CUnit-2.1-3/CUnit/Headers -std=c99 -D_DEBUG -g3 -Wall  -fno-rtti -fno-exceptions conftest.c >&5
cc1: warning: command line option '-fno-rtti' is valid for C++/ObjC++ but not for C
configure:8213: $? = 0
configure:8226: result: no
configure:8553: checking for gcc option to produce PIC
configure:8560: result: -fPIC -DPIC
configure:8568: checking if gcc PIC flag -fPIC -DPIC works
configure:8586: gcc -c  -DRELEASE=@RELEASE@ -Wall -W -pedantic -Wshadow -ansi -I/home/pi/CUnit-2.1-3/CUnit/Headers -std=c99 -D_DEBUG -g3 -Wall  -fPIC -DPIC -DPIC conftest.c >&5
configure:8590: $? = 0
configure:8603: result: yes
configure:8632: checking if gcc static flag -static works
configure:8660: result: yes
configure:8675: checking if gcc supports -c -o file.o
configure:8696: gcc -c  -DRELEASE=@RELEASE@ -Wall -W -pedantic -Wshadow -ansi -I/home/pi/CUnit-2.1-3/CUnit/Headers -std=c99 -D_DEBUG -g3 -Wall  -o out/conftest2.o conftest.c >&5
configure:8700: $? = 0
configure:8722: result: yes
configure:8730: checking if gcc supports -c -o file.o
configure:8777: result: yes
configure:8810: checking whether the gcc linker (/usr/bin/ld) supports shared libraries
configure:9967: result: yes
configure:10004: checking whether -lc should be explicitly linked in
configure:10012: gcc -c  -DRELEASE=@RELEASE@ -Wall -W -pedantic -Wshadow -ansi -I/home/pi/CUnit-2.1-3/CUnit/Headers -std=c99 -D_DEBUG -g3 -Wall  conftest.c >&5
configure:10015: $? = 0
configure:10030: gcc -shared  -fPIC -DPIC conftest.o  -v -Wl,-soname -Wl,conftest -o conftest 2\>\&1 \| /bin/grep  -lc  \>/dev/null 2\>\&1
configure:10033: $? = 0
configure:10047: result: no
configure:10207: checking dynamic linker characteristics
configure:10707: gcc -o conftest  -DRELEASE=@RELEASE@ -Wall -W -pedantic -Wshadow -ansi -I/home/pi/CUnit-2.1-3/CUnit/Headers -std=c99 -D_DEBUG -g3 -Wall   -L/home/pi/CUnit-2.1-3/CUnit/Sources -g -Wl,-rpath -Wl,/foo conftest.c  >&5
configure:10707: $? = 0
configure:10941: result: GNU/Linux ld.so
configure:11048: checking how to hardcode library paths into programs
configure:11073: result: immediate
configure:11613: checking whether stripping libraries is possible
configure:11618: result: yes
configure:11653: checking if libtool supports shared libraries
configure:11655: result: yes
configure:11658: checking whether to build shared libraries
configure:11679: result: yes
configure:11682: checking whether to build static libraries
configure:11686: result: yes
configure:11724: checking for main in -lc
configure:11743: gcc -o conftest  -DRELEASE=@RELEASE@ -Wall -W -pedantic -Wshadow -ansi -I/home/pi/CUnit-2.1-3/CUnit/Headers -std=c99 -D_DEBUG -g3 -Wall   -L/home/pi/CUnit-2.1-3/CUnit/Sources -g conftest.c -lc   >&5
configure:11743: $? = 0
configure:11752: result: yes
configure:11869: checking for malloc
configure:11869: gcc -o conftest  -DRELEASE=@RELEASE@ -Wall -W -pedantic -Wshadow -ansi -I/home/pi/CUnit-2.1-3/CUnit/Headers -std=c99 -D_DEBUG -g3 -Wall   -L/home/pi/CUnit-2.1-3/CUnit/Sources -g conftest.c -lc  >&5
conftest.c:47:6: warning: conflicting types for built-in function 'malloc'
 char malloc ();
      ^
configure:11869: $? = 0
configure:11869: result: yes
configure:11876: checking for free
configure:11876: gcc -o conftest  -DRELEASE=@RELEASE@ -Wall -W -pedantic -Wshadow -ansi -I/home/pi/CUnit-2.1-3/CUnit/Headers -std=c99 -D_DEBUG -g3 -Wall   -L/home/pi/CUnit-2.1-3/CUnit/Sources -g conftest.c -lc  >&5
conftest.c:47:6: warning: conflicting types for built-in function 'free'
 char free ();
      ^
configure:11876: $? = 0
configure:11876: result: yes
configure:11883: checking for calloc
configure:11883: gcc -o conftest  -DRELEASE=@RELEASE@ -Wall -W -pedantic -Wshadow -ansi -I/home/pi/CUnit-2.1-3/CUnit/Headers -std=c99 -D_DEBUG -g3 -Wall   -L/home/pi/CUnit-2.1-3/CUnit/Sources -g conftest.c -lc  >&5
conftest.c:47:6: warning: conflicting types for built-in function 'calloc'
 char calloc ();
      ^
configure:11883: $? = 0
configure:11883: result: yes
configure:11890: checking for realloc
configure:11890: gcc -o conftest  -DRELEASE=@RELEASE@ -Wall -W -pedantic -Wshadow -ansi -I/home/pi/CUnit-2.1-3/CUnit/Headers -std=c99 -D_DEBUG -g3 -Wall   -L/home/pi/CUnit-2.1-3/CUnit/Sources -g conftest.c -lc  >&5
conftest.c:47:6: warning: conflicting types for built-in function 'realloc'
 char realloc ();
      ^
configure:11890: $? = 0
configure:11890: result: yes
configure:11898: checking for strcpy
configure:11898: gcc -o conftest  -DRELEASE=@RELEASE@ -Wall -W -pedantic -Wshadow -ansi -I/home/pi/CUnit-2.1-3/CUnit/Headers -std=c99 -D_DEBUG -g3 -Wall   -L/home/pi/CUnit-2.1-3/CUnit/Sources -g conftest.c -lc  >&5
conftest.c:47:6: warning: conflicting types for built-in function 'strcpy'
 char strcpy ();
      ^
configure:11898: $? = 0
configure:11898: result: yes
configure:11905: checking for strerror
configure:11905: gcc -o conftest  -DRELEASE=@RELEASE@ -Wall -W -pedantic -Wshadow -ansi -I/home/pi/CUnit-2.1-3/CUnit/Headers -std=c99 -D_DEBUG -g3 -Wall   -L/home/pi/CUnit-2.1-3/CUnit/Sources -g conftest.c -lc  >&5
configure:11905: $? = 0
configure:11905: result: yes
configure:11913: checking for fopen
configure:11913: gcc -o conftest  -DRELEASE=@RELEASE@ -Wall -W -pedantic -Wshadow -ansi -I/home/pi/CUnit-2.1-3/CUnit/Headers -std=c99 -D_DEBUG -g3 -Wall   -L/home/pi/CUnit-2.1-3/CUnit/Sources -g conftest.c -lc  >&5
configure:11913: $? = 0
configure:11913: result: yes
configure:11920: checking for fclose
configure:11920: gcc -o conftest  -DRELEASE=@RELEASE@ -Wall -W -pedantic -Wshadow -ansi -I/home/pi/CUnit-2.1-3/CUnit/Headers -std=c99 -D_DEBUG -g3 -Wall   -L/home/pi/CUnit-2.1-3/CUnit/Sources -g conftest.c -lc  >&5
configure:11920: $? = 0
configure:11920: result: yes
configure:11927: checking for fprintf
configure:11927: gcc -o conftest  -DRELEASE=@RELEASE@ -Wall -W -pedantic -Wshadow -ansi -I/home/pi/CUnit-2.1-3/CUnit/Headers -std=c99 -D_DEBUG -g3 -Wall   -L/home/pi/CUnit-2.1-3/CUnit/Sources -g conftest.c -lc  >&5
conftest.c:47:6: warning: conflicting types for built-in function 'fprintf'
 char fprintf ();
      ^
configure:11927: $? = 0
configure:11927: result: yes
configure:11934: checking for snprintf
configure:11934: gcc -o conftest  -DRELEASE=@RELEASE@ -Wall -W -pedantic -Wshadow -ansi -I/home/pi/CUnit-2.1-3/CUnit/Headers -std=c99 -D_DEBUG -g3 -Wall   -L/home/pi/CUnit-2.1-3/CUnit/Sources -g conftest.c -lc  >&5
conftest.c:47:6: warning: conflicting types for built-in function 'snprintf'
 char snprintf ();
      ^
configure:11934: $? = 0
configure:11934: result: yes
configure:11941: checking for setvbuf
configure:11941: gcc -o conftest  -DRELEASE=@RELEASE@ -Wall -W -pedantic -Wshadow -ansi -I/home/pi/CUnit-2.1-3/CUnit/Headers -std=c99 -D_DEBUG -g3 -Wall   -L/home/pi/CUnit-2.1-3/CUnit/Sources -g conftest.c -lc  >&5
configure:11941: $? = 0
configure:11941: result: yes
configure:11949: checking for time
configure:11949: gcc -o conftest  -DRELEASE=@RELEASE@ -Wall -W -pedantic -Wshadow -ansi -I/home/pi/CUnit-2.1-3/CUnit/Headers -std=c99 -D_DEBUG -g3 -Wall   -L/home/pi/CUnit-2.1-3/CUnit/Sources -g conftest.c -lc  >&5
configure:11949: $? = 0
configure:11949: result: yes
configure:11956: checking for ctime
configure:11956: gcc -o conftest  -DRELEASE=@RELEASE@ -Wall -W -pedantic -Wshadow -ansi -I/home/pi/CUnit-2.1-3/CUnit/Headers -std=c99 -D_DEBUG -g3 -Wall   -L/home/pi/CUnit-2.1-3/CUnit/Sources -g conftest.c -lc  >&5
configure:11956: $? = 0
configure:11956: result: yes
configure:11964: checking for ANSI C header files
configure:12068: result: yes
configure:12078: checking assert.h usability
configure:12078: gcc -c  -DRELEASE=@RELEASE@ -Wall -W -pedantic -Wshadow -ansi -I/home/pi/CUnit-2.1-3/CUnit/Headers -std=c99 -D_DEBUG -g3 -Wall  conftest.c >&5
configure:12078: $? = 0
configure:12078: result: yes
configure:12078: checking assert.h presence
configure:12078: gcc -E  conftest.c
configure:12078: $? = 0
configure:12078: result: yes
configure:12078: checking for assert.h
configure:12078: result: yes
configure:12090: checking ctype.h usability
configure:12090: gcc -c  -DRELEASE=@RELEASE@ -Wall -W -pedantic -Wshadow -ansi -I/home/pi/CUnit-2.1-3/CUnit/Headers -std=c99 -D_DEBUG -g3 -Wall  conftest.c >&5
configure:12090: $? = 0
configure:12090: result: yes
configure:12090: checking ctype.h presence
configure:12090: gcc -E  conftest.c
configure:12090: $? = 0
configure:12090: result: yes
configure:12090: checking for ctype.h
configure:12090: result: yes
configure:12102: checking math.h usability
configure:12102: gcc -c  -DRELEASE=@RELEASE@ -Wall -W -pedantic -Wshadow -ansi -I/home/pi/CUnit-2.1-3/CUnit/Headers -std=c99 -D_DEBUG -g3 -Wall  conftest.c >&5
configure:12102: $? = 0
configure:12102: result: yes
configure:12102: checking math.h presence
configure:12102: gcc -E  conftest.c
configure:12102: $? = 0
configure:12102: result: yes
configure:12102: checking for math.h
configure:12102: result: yes
configure:12114: checking file.h usability
configure:12114: gcc -c  -DRELEASE=@RELEASE@ -Wall -W -pedantic -Wshadow -ansi -I/home/pi/CUnit-2.1-3/CUnit/Headers -std=c99 -D_DEBUG -g3 -Wall  conftest.c >&5
conftest.c:61:18: fatal error: file.h: No such file or directory
 #include <file.h>
                  ^
compilation terminated.
configure:12114: $? = 1
configure: failed program was:
| /* confdefs.h */
| #define PACKAGE_NAME "CUnit"
| #define PACKAGE_TARNAME "cunit"
| #define PACKAGE_VERSION "2.1-3"
| #define PACKAGE_STRING "CUnit 2.1-3"
| #define PACKAGE_BUGREPORT ""
| #define PACKAGE_URL ""
| #define PACKAGE "CUnit"
| #define VERSION "2.1-3"
| #define STDC_HEADERS 1
| #define HAVE_SYS_TYPES_H 1
| #define HAVE_SYS_STAT_H 1
| #define HAVE_STDLIB_H 1
| #define HAVE_STRING_H 1
| #define HAVE_MEMORY_H 1
| #define HAVE_STRINGS_H 1
| #define HAVE_INTTYPES_H 1
| #define HAVE_STDINT_H 1
| #define HAVE_UNISTD_H 1
| #define HAVE_DLFCN_H 1
| #define LT_OBJDIR ".libs/"
| #define HAVE_LIBC 1
| #define STDC_HEADERS 1
| #define HAVE_ASSERT_H 1
| #define HAVE_CTYPE_H 1
| #define HAVE_MATH_H 1
| /* end confdefs.h.  */
| #include <stdio.h>
| #ifdef HAVE_SYS_TYPES_H
| # include <sys/types.h>
| #endif
| #ifdef HAVE_SYS_STAT_H
| # include <sys/stat.h>
| #endif
| #ifdef STDC_HEADERS
| # include <stdlib.h>
| # include <stddef.h>
| #else
| # ifdef HAVE_STDLIB_H
| #  include <stdlib.h>
| # endif
| #endif
| #ifdef HAVE_STRING_H
| # if !defined STDC_HEADERS && defined HAVE_MEMORY_H
| #  include <memory.h>
| # endif
| # include <string.h>
| #endif
| #ifdef HAVE_STRINGS_H
| # include <strings.h>
| #endif
| #ifdef HAVE_INTTYPES_H
| # include <inttypes.h>
| #endif
| #ifdef HAVE_STDINT_H
| # include <stdint.h>
| #endif
| #ifdef HAVE_UNISTD_H
| # include <unistd.h>
| #endif
| #include <file.h>
configure:12114: result: no
configure:12114: checking file.h presence
configure:12114: gcc -E  conftest.c
conftest.c:28:18: fatal error: file.h: No such file or directory
 #include <file.h>
                  ^
compilation terminated.
configure:12114: $? = 1
configure: failed program was:
| /* confdefs.h */
| #define PACKAGE_NAME "CUnit"
| #define PACKAGE_TARNAME "cunit"
| #define PACKAGE_VERSION "2.1-3"
| #define PACKAGE_STRING "CUnit 2.1-3"
| #define PACKAGE_BUGREPORT ""
| #define PACKAGE_URL ""
| #define PACKAGE "CUnit"
| #define VERSION "2.1-3"
| #define STDC_HEADERS 1
| #define HAVE_SYS_TYPES_H 1
| #define HAVE_SYS_STAT_H 1
| #define HAVE_STDLIB_H 1
| #define HAVE_STRING_H 1
| #define HAVE_MEMORY_H 1
| #define HAVE_STRINGS_H 1
| #define HAVE_INTTYPES_H 1
| #define HAVE_STDINT_H 1
| #define HAVE_UNISTD_H 1
| #define HAVE_DLFCN_H 1
| #define LT_OBJDIR ".libs/"
| #define HAVE_LIBC 1
| #define STDC_HEADERS 1
| #define HAVE_ASSERT_H 1
| #define HAVE_CTYPE_H 1
| #define HAVE_MATH_H 1
| /* end confdefs.h.  */
| #include <file.h>
configure:12114: result: no
configure:12114: checking for file.h
configure:12114: result: no
configure:12126: checking stdio.h usability
configure:12126: gcc -c  -DRELEASE=@RELEASE@ -Wall -W -pedantic -Wshadow -ansi -I/home/pi/CUnit-2.1-3/CUnit/Headers -std=c99 -D_DEBUG -g3 -Wall  conftest.c >&5
configure:12126: $? = 0
configure:12126: result: yes
configure:12126: checking stdio.h presence
configure:12126: gcc -E  conftest.c
configure:12126: $? = 0
configure:12126: result: yes
configure:12126: checking for stdio.h
configure:12126: result: yes
configure:12138: checking for stdlib.h
configure:12138: result: yes
configure:12150: checking for string.h
configure:12150: result: yes
configure:12164: checking for an ANSI C-conforming const
configure:12230: gcc -c  -DRELEASE=@RELEASE@ -Wall -W -pedantic -Wshadow -ansi -I/home/pi/CUnit-2.1-3/CUnit/Headers -std=c99 -D_DEBUG -g3 -Wall  conftest.c >&5
configure:12230: $? = 0
configure:12237: result: yes
configure:12381: checking that generated files are newer than configure
configure:12387: result: done
configure:12434: creating ./config.status

## ---------------------- ##
## Running config.status. ##
## ---------------------- ##

This file was extended by CUnit config.status 2.1-3, which was
generated by GNU Autoconf 2.69.  Invocation command line was

  CONFIG_FILES    = 
  CONFIG_HEADERS  = 
  CONFIG_LINKS    = 
  CONFIG_COMMANDS = 
  $ ./config.status 

on jessie

config.status:1141: creating Jamrules
config.status:1141: creating Makefile
config.status:1141: creating CUnit.spec
config.status:1141: creating cunit.pc
config.status:1141: creating CUnit/Makefile
config.status:1141: creating CUnit/Headers/Makefile
config.status:1141: creating CUnit/Headers/CUnit.h
config.status:1141: creating CUnit/Sources/Makefile
config.status:1141: creating CUnit/Sources/Framework/Makefile
config.status:1141: creating CUnit/Sources/Automated/Makefile
config.status:1141: creating CUnit/Sources/Basic/Makefile
config.status:1141: creating CUnit/Sources/Console/Makefile
config.status:1141: creating CUnit/Sources/Curses/Makefile
config.status:1141: creating CUnit/Sources/Test/Makefile
config.status:1141: creating doc/Makefile
config.status:1141: creating doc/headers/Makefile
config.status:1141: creating Examples/Makefile
config.status:1141: creating Examples/AutomatedTest/Makefile
config.status:1141: creating Examples/BasicTest/Makefile
config.status:1141: creating Examples/ConsoleTest/Makefile
config.status:1141: creating Examples/CursesTest/Makefile
config.status:1141: creating Man/Makefile
config.status:1141: creating Man/man3/Makefile
config.status:1141: creating Share/Makefile
config.status:1141: creating config.h
config.status:1370: executing depfiles commands
config.status:1370: executing libtool commands

## ---------------- ##
## Cache variables. ##
## ---------------- ##

ac_cv_build=armv7l-unknown-linux-gnueabihf
ac_cv_c_compiler_gnu=yes
ac_cv_c_const=yes
ac_cv_env_CC_set=
ac_cv_env_CC_value=
ac_cv_env_CFLAGS_set=
ac_cv_env_CFLAGS_value=
ac_cv_env_CPPFLAGS_set=
ac_cv_env_CPPFLAGS_value=
ac_cv_env_CPP_set=
ac_cv_env_CPP_value=
ac_cv_env_LDFLAGS_set=
ac_cv_env_LDFLAGS_value=
ac_cv_env_LIBS_set=
ac_cv_env_LIBS_value=
ac_cv_env_build_alias_set=
ac_cv_env_build_alias_value=
ac_cv_env_host_alias_set=
ac_cv_env_host_alias_value=
ac_cv_env_target_alias_set=
ac_cv_env_target_alias_value=
ac_cv_func_calloc=yes
ac_cv_func_ctime=yes
ac_cv_func_fclose=yes
ac_cv_func_fopen=yes
ac_cv_func_fprintf=yes
ac_cv_func_free=yes
ac_cv_func_malloc=yes
ac_cv_func_realloc=yes
ac_cv_func_setvbuf=yes
ac_cv_func_snprintf=yes
ac_cv_func_strcpy=yes
ac_cv_func_strerror=yes
ac_cv_func_time=yes
ac_cv_header_assert_h=yes
ac_cv_header_ctype_h=yes
ac_cv_header_dlfcn_h=yes
ac_cv_header_file_h=no
ac_cv_header_inttypes_h=yes
ac_cv_header_math_h=yes
ac_cv_header_memory_h=yes
ac_cv_header_stdc=yes
ac_cv_header_stdint_h=yes
ac_cv_header_stdio_h=yes
ac_cv_header_stdlib_h=yes
ac_cv_header_string_h=yes
ac_cv_header_strings_h=yes
ac_cv_header_sys_stat_h=yes
ac_cv_header_sys_types_h=yes
ac_cv_header_unistd_h=yes
ac_cv_host=armv7l-unknown-linux-gnueabihf
ac_cv_lib_c_main=yes
ac_cv_objext=o
ac_cv_path_EGREP='/bin/grep -E'
ac_cv_path_FGREP='/bin/grep -F'
ac_cv_path_GREP=/bin/grep
ac_cv_path_SED=/bin/sed
ac_cv_path_install='/usr/bin/install -c'
ac_cv_path_mkdir=/bin/mkdir
ac_cv_prog_AWK=mawk
ac_cv_prog_CPP='gcc -E'
ac_cv_prog_ac_ct_AR=ar
ac_cv_prog_ac_ct_CC=gcc
ac_cv_prog_ac_ct_MANIFEST_TOOL=mt
ac_cv_prog_ac_ct_OBJDUMP=objdump
ac_cv_prog_ac_ct_RANLIB=ranlib
ac_cv_prog_ac_ct_STRIP=strip
ac_cv_prog_cc_c89=
ac_cv_prog_cc_g=yes
ac_cv_prog_make_make_set=yes
am_cv_CC_dependencies_compiler_type=gcc3
am_cv_make_support_nested_variables=yes
am_cv_prog_cc_c_o=yes
lt_cv_ar_at_file=@
lt_cv_archive_cmds_need_lc=no
lt_cv_deplibs_check_method=pass_all
lt_cv_file_magic_cmd='$MAGIC_CMD'
lt_cv_file_magic_test_file=
lt_cv_ld_reload_flag=-r
lt_cv_nm_interface='BSD nm'
lt_cv_objdir=.libs
lt_cv_path_LD=/usr/bin/ld
lt_cv_path_NM='/usr/bin/nm -B'
lt_cv_path_mainfest_tool=no
lt_cv_prog_compiler_c_o=yes
lt_cv_prog_compiler_pic='-fPIC -DPIC'
lt_cv_prog_compiler_pic_works=yes
lt_cv_prog_compiler_rtti_exceptions=no
lt_cv_prog_compiler_static_works=yes
lt_cv_prog_gnu_ld=yes
lt_cv_sharedlib_from_linklib_cmd='printf %s\n'
lt_cv_shlibpath_overrides_runpath=no
lt_cv_sys_global_symbol_pipe='sed -n -e '\''s/^.*[	 ]\([ABCDGIRSTW][ABCDGIRSTW]*\)[	 ][	 ]*\([_A-Za-z][_A-Za-z0-9]*\)$/\1 \2 \2/p'\'' | sed '\''/ __gnu_lto/d'\'''
lt_cv_sys_global_symbol_to_c_name_address='sed -n -e '\''s/^: \([^ ]*\)[ ]*$/  {\"\1\", (void *) 0},/p'\'' -e '\''s/^[ABCDGIRSTW]* \([^ ]*\) \([^ ]*\)$/  {"\2", (void *) \&\2},/p'\'''
lt_cv_sys_global_symbol_to_c_name_address_lib_prefix='sed -n -e '\''s/^: \([^ ]*\)[ ]*$/  {\"\1\", (void *) 0},/p'\'' -e '\''s/^[ABCDGIRSTW]* \([^ ]*\) \(lib[^ ]*\)$/  {"\2", (void *) \&\2},/p'\'' -e '\''s/^[ABCDGIRSTW]* \([^ ]*\) \([^ ]*\)$/  {"lib\2", (void *) \&\2},/p'\'''
lt_cv_sys_global_symbol_to_cdecl='sed -n -e '\''s/^T .* \(.*\)$/extern int \1();/p'\'' -e '\''s/^[ABCDGIRSTW]* .* \(.*\)$/extern char \1;/p'\'''
lt_cv_sys_max_cmd_len=1572864
lt_cv_to_host_file_cmd=func_convert_file_noop
lt_cv_to_tool_file_cmd=func_convert_file_noop

## ----------------- ##
## Output variables. ##
## ----------------- ##

ACLOCAL='${SHELL} /home/pi/CUnit-2.1-3/missing aclocal-1.14'
AMDEPBACKSLASH='\'
AMDEP_FALSE='#'
AMDEP_TRUE=''
AMTAR='$${TAR-tar}'
AM_BACKSLASH='\'
AM_DEFAULT_V='$(AM_DEFAULT_VERBOSITY)'
AM_DEFAULT_VERBOSITY='1'
AM_V='$(V)'
AR='ar'
AUTOCONF='${SHELL} /home/pi/CUnit-2.1-3/missing autoconf'
AUTOHEADER='${SHELL} /home/pi/CUnit-2.1-3/missing autoheader'
AUTOMAKE='${SHELL} /home/pi/CUnit-2.1-3/missing automake-1.14'
AWK='mawk'
BUILD_AUTOMATED='TRUE'
BUILD_BASIC='TRUE'
BUILD_CONSOLE='TRUE'
BUILD_CURSES='FALSE'
BUILD_EXAMPLES='TRUE'
BUILD_TEST='TRUE'
CC='gcc'
CCDEPMODE='depmode=gcc3'
CFLAGS=' -DRELEASE=@RELEASE@ -Wall -W -pedantic -Wshadow -ansi -I/home/pi/CUnit-2.1-3/CUnit/Headers -std=c99 -D_DEBUG -g3 -Wall'
CPP='gcc -E'
CPPFLAGS=''
CURSES_LIB=''
CYGPATH_W='echo'
DEFS='-DHAVE_CONFIG_H'
DEPDIR='.deps'
DLLTOOL='false'
DSYMUTIL=''
DUMPBIN=''
ECHO_C=''
ECHO_N='-n'
ECHO_T=''
EGREP='/bin/grep -E'
ENABLE_AUTOMATED_FALSE='#'
ENABLE_AUTOMATED_TRUE=''
ENABLE_BASIC_FALSE='#'
ENABLE_BASIC_TRUE=''
ENABLE_CONSOLE_FALSE='#'
ENABLE_CONSOLE_TRUE=''
ENABLE_CURSES_FALSE=''
ENABLE_CURSES_TRUE='#'
ENABLE_DEBUG='TRUE'
ENABLE_DEPRECATED='FALSE'
ENABLE_EXAMPLES_FALSE='#'
ENABLE_EXAMPLES_TRUE=''
ENABLE_MEMTRACE='FALSE'
ENABLE_TEST_FALSE='#'
ENABLE_TEST_TRUE=''
EXEEXT=''
FGREP='/bin/grep -F'
GREP='/bin/grep'
INSTALL_DATA='${INSTALL} -m 644'
INSTALL_PROGRAM='${INSTALL}'
INSTALL_SCRIPT='${INSTALL}'
INSTALL_STRIP_PROGRAM='$(install_sh) -c -s'
LD='/usr/bin/ld'
LDFLAGS=' -L/home/pi/CUnit-2.1-3/CUnit/Sources -g'
LIBOBJS=''
LIBS='-lc '
LIBTOOL='$(SHELL) $(top_builddir)/libtool'
LIBTOOL_AGE='0'
LIBTOOL_CURRENT='1'
LIBTOOL_REVISION='1'
LIBTOOL_SUFFIX1='1'
LIBTOOL_SUFFIX='1.0.1'
LIPO=''
LN_S='ln -s'
LTLIBOBJS=''
MAKEINFO='${SHELL} /home/pi/CUnit-2.1-3/missing makeinfo'
MANIFEST_TOOL=':'
MKDIR_P='/bin/mkdir -p'
NM='/usr/bin/nm -B'
NMEDIT=''
OBJDUMP='objdump'
OBJEXT='o'
OTOOL64=''
OTOOL=''
PACKAGE='CUnit'
PACKAGE_BUGREPORT=''
PACKAGE_NAME='CUnit'
PACKAGE_STRING='CUnit 2.1-3'
PACKAGE_TARNAME='cunit'
PACKAGE_URL=''
PACKAGE_VERSION='2.1-3'
PATH_SEPARATOR=':'
RANLIB='ranlib'
RELEASE='3'
SED='/bin/sed'
SET_MAKE=''
SHELL='/bin/bash'
STRIP='strip'
VERSION='2.1'
VERSION_MAJOR='2'
VERSION_MINOR='1'
ac_ct_AR='ar'
ac_ct_CC='gcc'
ac_ct_DUMPBIN=''
am__EXEEXT_FALSE=''
am__EXEEXT_TRUE='#'
am__fastdepCC_FALSE='#'
am__fastdepCC_TRUE=''
am__include='include'
am__isrc=''
am__leading_dot='.'
am__nodep='_no'
am__quote=''
am__tar='$${TAR-tar} chof - "$$tardir"'
am__untar='$${TAR-tar} xf -'
bindir='${exec_prefix}/bin'
build='armv7l-unknown-linux-gnueabihf'
build_alias=''
build_cpu='armv7l'
build_os='linux-gnueabihf'
build_vendor='unknown'
datadir='${datarootdir}'
datarootdir='${prefix}/share'
docdir='${datarootdir}/doc/${PACKAGE_TARNAME}'
dvidir='${docdir}'
exec_prefix='${prefix}'
host='armv7l-unknown-linux-gnueabihf'
host_alias=''
host_cpu='armv7l'
host_os='linux-gnueabihf'
host_vendor='unknown'
htmldir='${docdir}'
includedir='${prefix}/include'
infodir='${datarootdir}/info'
install_sh='${SHELL} /home/pi/CUnit-2.1-3/install-sh'
libdir='${exec_prefix}/lib'
libexecdir='${exec_prefix}/libexec'
localedir='${datarootdir}/locale'
localstatedir='${prefix}/var'
mandir='${datarootdir}/man'
mkdir_p='$(MKDIR_P)'
oldincludedir='/usr/include'
pdfdir='${docdir}'
prefix='/usr/local'
program_transform_name='s,x,x,'
psdir='${docdir}'
sbindir='${exec_prefix}/sbin'
sharedstatedir='${prefix}/com'
sysconfdir='${prefix}/etc'
target_alias=''

## ----------- ##
## confdefs.h. ##
## ----------- ##

/* confdefs.h */
#define PACKAGE_NAME "CUnit"
#define PACKAGE_TARNAME "cunit"
#define PACKAGE_VERSION "2.1-3"
#define PACKAGE_STRING "CUnit 2.1-3"
#define PACKAGE_BUGREPORT ""
#define PACKAGE_URL ""
#define PACKAGE "CUnit"
#define VERSION "2.1-3"
#define STDC_HEADERS 1
#define HAVE_SYS_TYPES_H 1
#define HAVE_SYS_STAT_H 1
#define HAVE_STDLIB_H 1
#define HAVE_STRING_H 1
#define HAVE_MEMORY_H 1
#define HAVE_STRINGS_H 1
#define HAVE_INTTYPES_H 1
#define HAVE_STDINT_H 1
#define HAVE_UNISTD_H 1
#define HAVE_DLFCN_H 1
#define LT_OBJDIR ".libs/"
#define HAVE_LIBC 1
#define STDC_HEADERS 1
#define HAVE_ASSERT_H 1
#define HAVE_CTYPE_H 1
#define HAVE_MATH_H 1
#define HAVE_STDIO_H 1
#define HAVE_STDLIB_H 1
#define HAVE_STRING_H 1

configure: exit 0
